The system is: Linux - 4.4.8-040408-generic - x86_64
Compiling the C compiler identification source file "CMakeCCompilerId.c" succeeded.
Compiler: /p-ssd/modules/gcc-6.4.0/bin/gcc-6.4 
Build flags: 
Id flags: 

The output was:
0


Compilation of the C compiler identification source "CMakeCCompilerId.c" produced "a.out"

The C compiler identification is GNU, found in "/home/amiralis/git/xketch-generator/build/CMakeFiles/3.6.2/CompilerIdC/a.out"

Compiling the CXX compiler identification source file "CMakeCXXCompilerId.cpp" succeeded.
Compiler: /p-ssd/modules/gcc-6.4.0/bin/g++-6.4 
Build flags: 
Id flags: 

The output was:
0


Compilation of the CXX compiler identification source "CMakeCXXCompilerId.cpp" produced "a.out"

The CXX compiler identification is GNU, found in "/home/amiralis/git/xketch-generator/build/CMakeFiles/3.6.2/CompilerIdCXX/a.out"

Determining if the C compiler works passed with the following output:
Change Dir: /home/amiralis/git/xketch-generator/build/CMakeFiles/CMakeTmp

Run Build Command:"/usr/bin/make" "cmTC_b3e55/fast"
/usr/bin/make -f CMakeFiles/cmTC_b3e55.dir/build.make CMakeFiles/cmTC_b3e55.dir/build
make[1]: Entering directory `/home/amiralis/git/xketch-generator/build/CMakeFiles/CMakeTmp'
Building C object CMakeFiles/cmTC_b3e55.dir/testCCompiler.c.o
/p-ssd/modules/gcc-6.4.0/bin/gcc-6.4     -o CMakeFiles/cmTC_b3e55.dir/testCCompiler.c.o   -c /home/amiralis/git/xketch-generator/build/CMakeFiles/CMakeTmp/testCCompiler.c
Linking C executable cmTC_b3e55
/p-ssd/modules/cmake-3.6.2/bin/cmake -E cmake_link_script CMakeFiles/cmTC_b3e55.dir/link.txt --verbose=1
/p-ssd/modules/gcc-6.4.0/bin/gcc-6.4       CMakeFiles/cmTC_b3e55.dir/testCCompiler.c.o  -o cmTC_b3e55 -rdynamic 
make[1]: Leaving directory `/home/amiralis/git/xketch-generator/build/CMakeFiles/CMakeTmp'


Detecting C compiler ABI info compiled with the following output:
Change Dir: /home/amiralis/git/xketch-generator/build/CMakeFiles/CMakeTmp

Run Build Command:"/usr/bin/make" "cmTC_f5199/fast"
/usr/bin/make -f CMakeFiles/cmTC_f5199.dir/build.make CMakeFiles/cmTC_f5199.dir/build
make[1]: Entering directory `/home/amiralis/git/xketch-generator/build/CMakeFiles/CMakeTmp'
Building C object CMakeFiles/cmTC_f5199.dir/CMakeCCompilerABI.c.o
/p-ssd/modules/gcc-6.4.0/bin/gcc-6.4     -o CMakeFiles/cmTC_f5199.dir/CMakeCCompilerABI.c.o   -c /p-ssd/modules/cmake-3.6.2/share/cmake-3.6/Modules/CMakeCCompilerABI.c
Linking C executable cmTC_f5199
/p-ssd/modules/cmake-3.6.2/bin/cmake -E cmake_link_script CMakeFiles/cmTC_f5199.dir/link.txt --verbose=1
/p-ssd/modules/gcc-6.4.0/bin/gcc-6.4      -v CMakeFiles/cmTC_f5199.dir/CMakeCCompilerABI.c.o  -o cmTC_f5199 -rdynamic  
Using built-in specs.
COLLECT_GCC=/p-ssd/modules/gcc-6.4.0/bin/gcc-6.4
COLLECT_LTO_WRAPPER=/p-ssd/modules/gcc-6.4.0/libexec/gcc/x86_64-pc-linux-gnu/6.4.0/lto-wrapper
Target: x86_64-pc-linux-gnu
Configured with: ../configure --prefix=/p-ssd/modules/gcc-6.4.0 --enable-languages=c,c++,fortran,go --enable-multiarch --enable-shared --enable-threads=posix --program-suffix=6.4 --with-system-zlib --with-tune=generic : (reconfigured) ../configure --prefix=/p-ssd/modules/gcc-6.4.0 --enable-languages=c,c++,fortran,go --enable-multiarch --enable-shared --enable-threads=posix --program-suffix=-6.4 --with-system-zlib --with-tune=generic
Thread model: posix
gcc version 6.4.0 (GCC) 
COMPILER_PATH=/p-ssd/modules/gcc-6.4.0/libexec/gcc/x86_64-pc-linux-gnu/6.4.0/:/p-ssd/modules/gcc-6.4.0/libexec/gcc/x86_64-pc-linux-gnu/6.4.0/:/p-ssd/modules/gcc-6.4.0/libexec/gcc/x86_64-pc-linux-gnu/:/p-ssd/modules/gcc-6.4.0/lib/gcc/x86_64-pc-linux-gnu/6.4.0/:/p-ssd/modules/gcc-6.4.0/lib/gcc/x86_64-pc-linux-gnu/
LIBRARY_PATH=/p-ssd/modules/gcc-6.4.0/lib/gcc/x86_64-pc-linux-gnu/6.4.0/:/p-ssd/modules/gcc-6.4.0/lib/gcc/x86_64-pc-linux-gnu/6.4.0/../../../../lib64/:/lib/x86_64-linux-gnu/:/lib/../lib64/:/usr/lib/x86_64-linux-gnu/:/p-ssd/modules/gdb-7.12/lib/:/p-ssd/modules/gcc-6.4.0/lib/gcc/x86_64-pc-linux-gnu/6.4.0/../../../:/lib/:/usr/lib/
COLLECT_GCC_OPTIONS='-v' '-o' 'cmTC_f5199' '-rdynamic' '-mtune=generic' '-march=x86-64'
 /p-ssd/modules/gcc-6.4.0/libexec/gcc/x86_64-pc-linux-gnu/6.4.0/collect2 -plugin /p-ssd/modules/gcc-6.4.0/libexec/gcc/x86_64-pc-linux-gnu/6.4.0/liblto_plugin.so -plugin-opt=/p-ssd/modules/gcc-6.4.0/libexec/gcc/x86_64-pc-linux-gnu/6.4.0/lto-wrapper -plugin-opt=-fresolution=/tmp/ccS06m2d.res -plugin-opt=-pass-through=-lgcc -plugin-opt=-pass-through=-lgcc_s -plugin-opt=-pass-through=-lc -plugin-opt=-pass-through=-lgcc -plugin-opt=-pass-through=-lgcc_s --eh-frame-hdr -m elf_x86_64 -export-dynamic -dynamic-linker /lib64/ld-linux-x86-64.so.2 -o cmTC_f5199 /usr/lib/x86_64-linux-gnu/crt1.o /usr/lib/x86_64-linux-gnu/crti.o /p-ssd/modules/gcc-6.4.0/lib/gcc/x86_64-pc-linux-gnu/6.4.0/crtbegin.o -L/p-ssd/modules/gcc-6.4.0/lib/gcc/x86_64-pc-linux-gnu/6.4.0 -L/p-ssd/modules/gcc-6.4.0/lib/gcc/x86_64-pc-linux-gnu/6.4.0/../../../../lib64 -L/lib/x86_64-linux-gnu -L/lib/../lib64 -L/usr/lib/x86_64-linux-gnu -L/p-ssd/modules/gdb-7.12/lib -L/p-ssd/modules/gcc-6.4.0/lib/gcc/x86_64-pc-linux-gnu/6.4.0/../../.. CMakeFiles/cmTC_f5199.dir/CMakeCCompilerABI.c.o -lgcc --as-needed -lgcc_s --no-as-needed -lc -lgcc --as-needed -lgcc_s --no-as-needed /p-ssd/modules/gcc-6.4.0/lib/gcc/x86_64-pc-linux-gnu/6.4.0/crtend.o /usr/lib/x86_64-linux-gnu/crtn.o
COLLECT_GCC_OPTIONS='-v' '-o' 'cmTC_f5199' '-rdynamic' '-mtune=generic' '-march=x86-64'
make[1]: Leaving directory `/home/amiralis/git/xketch-generator/build/CMakeFiles/CMakeTmp'


Parsed C implicit link information from above output:
  link line regex: [^( *|.*[/\])(ld|([^/\]+-)?ld|collect2)[^/\]*( |$)]
  ignore line: [Change Dir: /home/amiralis/git/xketch-generator/build/CMakeFiles/CMakeTmp]
  ignore line: []
  ignore line: [Run Build Command:"/usr/bin/make" "cmTC_f5199/fast"]
  ignore line: [/usr/bin/make -f CMakeFiles/cmTC_f5199.dir/build.make CMakeFiles/cmTC_f5199.dir/build]
  ignore line: [make[1]: Entering directory `/home/amiralis/git/xketch-generator/build/CMakeFiles/CMakeTmp']
  ignore line: [Building C object CMakeFiles/cmTC_f5199.dir/CMakeCCompilerABI.c.o]
  ignore line: [/p-ssd/modules/gcc-6.4.0/bin/gcc-6.4     -o CMakeFiles/cmTC_f5199.dir/CMakeCCompilerABI.c.o   -c /p-ssd/modules/cmake-3.6.2/share/cmake-3.6/Modules/CMakeCCompilerABI.c]
  ignore line: [Linking C executable cmTC_f5199]
  ignore line: [/p-ssd/modules/cmake-3.6.2/bin/cmake -E cmake_link_script CMakeFiles/cmTC_f5199.dir/link.txt --verbose=1]
  ignore line: [/p-ssd/modules/gcc-6.4.0/bin/gcc-6.4      -v CMakeFiles/cmTC_f5199.dir/CMakeCCompilerABI.c.o  -o cmTC_f5199 -rdynamic  ]
  ignore line: [Using built-in specs.]
  ignore line: [COLLECT_GCC=/p-ssd/modules/gcc-6.4.0/bin/gcc-6.4]
  ignore line: [COLLECT_LTO_WRAPPER=/p-ssd/modules/gcc-6.4.0/libexec/gcc/x86_64-pc-linux-gnu/6.4.0/lto-wrapper]
  ignore line: [Target: x86_64-pc-linux-gnu]
  ignore line: [Configured with: ../configure --prefix=/p-ssd/modules/gcc-6.4.0 --enable-languages=c,c++,fortran,go --enable-multiarch --enable-shared --enable-threads=posix --program-suffix=6.4 --with-system-zlib --with-tune=generic : (reconfigured) ../configure --prefix=/p-ssd/modules/gcc-6.4.0 --enable-languages=c,c++,fortran,go --enable-multiarch --enable-shared --enable-threads=posix --program-suffix=-6.4 --with-system-zlib --with-tune=generic]
  ignore line: [Thread model: posix]
  ignore line: [gcc version 6.4.0 (GCC) ]
  ignore line: [COMPILER_PATH=/p-ssd/modules/gcc-6.4.0/libexec/gcc/x86_64-pc-linux-gnu/6.4.0/:/p-ssd/modules/gcc-6.4.0/libexec/gcc/x86_64-pc-linux-gnu/6.4.0/:/p-ssd/modules/gcc-6.4.0/libexec/gcc/x86_64-pc-linux-gnu/:/p-ssd/modules/gcc-6.4.0/lib/gcc/x86_64-pc-linux-gnu/6.4.0/:/p-ssd/modules/gcc-6.4.0/lib/gcc/x86_64-pc-linux-gnu/]
  ignore line: [LIBRARY_PATH=/p-ssd/modules/gcc-6.4.0/lib/gcc/x86_64-pc-linux-gnu/6.4.0/:/p-ssd/modules/gcc-6.4.0/lib/gcc/x86_64-pc-linux-gnu/6.4.0/../../../../lib64/:/lib/x86_64-linux-gnu/:/lib/../lib64/:/usr/lib/x86_64-linux-gnu/:/p-ssd/modules/gdb-7.12/lib/:/p-ssd/modules/gcc-6.4.0/lib/gcc/x86_64-pc-linux-gnu/6.4.0/../../../:/lib/:/usr/lib/]
  ignore line: [COLLECT_GCC_OPTIONS='-v' '-o' 'cmTC_f5199' '-rdynamic' '-mtune=generic' '-march=x86-64']
  link line: [ /p-ssd/modules/gcc-6.4.0/libexec/gcc/x86_64-pc-linux-gnu/6.4.0/collect2 -plugin /p-ssd/modules/gcc-6.4.0/libexec/gcc/x86_64-pc-linux-gnu/6.4.0/liblto_plugin.so -plugin-opt=/p-ssd/modules/gcc-6.4.0/libexec/gcc/x86_64-pc-linux-gnu/6.4.0/lto-wrapper -plugin-opt=-fresolution=/tmp/ccS06m2d.res -plugin-opt=-pass-through=-lgcc -plugin-opt=-pass-through=-lgcc_s -plugin-opt=-pass-through=-lc -plugin-opt=-pass-through=-lgcc -plugin-opt=-pass-through=-lgcc_s --eh-frame-hdr -m elf_x86_64 -export-dynamic -dynamic-linker /lib64/ld-linux-x86-64.so.2 -o cmTC_f5199 /usr/lib/x86_64-linux-gnu/crt1.o /usr/lib/x86_64-linux-gnu/crti.o /p-ssd/modules/gcc-6.4.0/lib/gcc/x86_64-pc-linux-gnu/6.4.0/crtbegin.o -L/p-ssd/modules/gcc-6.4.0/lib/gcc/x86_64-pc-linux-gnu/6.4.0 -L/p-ssd/modules/gcc-6.4.0/lib/gcc/x86_64-pc-linux-gnu/6.4.0/../../../../lib64 -L/lib/x86_64-linux-gnu -L/lib/../lib64 -L/usr/lib/x86_64-linux-gnu -L/p-ssd/modules/gdb-7.12/lib -L/p-ssd/modules/gcc-6.4.0/lib/gcc/x86_64-pc-linux-gnu/6.4.0/../../.. CMakeFiles/cmTC_f5199.dir/CMakeCCompilerABI.c.o -lgcc --as-needed -lgcc_s --no-as-needed -lc -lgcc --as-needed -lgcc_s --no-as-needed /p-ssd/modules/gcc-6.4.0/lib/gcc/x86_64-pc-linux-gnu/6.4.0/crtend.o /usr/lib/x86_64-linux-gnu/crtn.o]
    arg [/p-ssd/modules/gcc-6.4.0/libexec/gcc/x86_64-pc-linux-gnu/6.4.0/collect2] ==> ignore
    arg [-plugin] ==> ignore
    arg [/p-ssd/modules/gcc-6.4.0/libexec/gcc/x86_64-pc-linux-gnu/6.4.0/liblto_plugin.so] ==> ignore
    arg [-plugin-opt=/p-ssd/modules/gcc-6.4.0/libexec/gcc/x86_64-pc-linux-gnu/6.4.0/lto-wrapper] ==> ignore
    arg [-plugin-opt=-fresolution=/tmp/ccS06m2d.res] ==> ignore
    arg [-plugin-opt=-pass-through=-lgcc] ==> ignore
    arg [-plugin-opt=-pass-through=-lgcc_s] ==> ignore
    arg [-plugin-opt=-pass-through=-lc] ==> ignore
    arg [-plugin-opt=-pass-through=-lgcc] ==> ignore
    arg [-plugin-opt=-pass-through=-lgcc_s] ==> ignore
    arg [--eh-frame-hdr] ==> ignore
    arg [-m] ==> ignore
    arg [elf_x86_64] ==> ignore
    arg [-export-dynamic] ==> ignore
    arg [-dynamic-linker] ==> ignore
    arg [/lib64/ld-linux-x86-64.so.2] ==> ignore
    arg [-o] ==> ignore
    arg [cmTC_f5199] ==> ignore
    arg [/usr/lib/x86_64-linux-gnu/crt1.o] ==> ignore
    arg [/usr/lib/x86_64-linux-gnu/crti.o] ==> ignore
    arg [/p-ssd/modules/gcc-6.4.0/lib/gcc/x86_64-pc-linux-gnu/6.4.0/crtbegin.o] ==> ignore
    arg [-L/p-ssd/modules/gcc-6.4.0/lib/gcc/x86_64-pc-linux-gnu/6.4.0] ==> dir [/p-ssd/modules/gcc-6.4.0/lib/gcc/x86_64-pc-linux-gnu/6.4.0]
    arg [-L/p-ssd/modules/gcc-6.4.0/lib/gcc/x86_64-pc-linux-gnu/6.4.0/../../../../lib64] ==> dir [/p-ssd/modules/gcc-6.4.0/lib/gcc/x86_64-pc-linux-gnu/6.4.0/../../../../lib64]
    arg [-L/lib/x86_64-linux-gnu] ==> dir [/lib/x86_64-linux-gnu]
    arg [-L/lib/../lib64] ==> dir [/lib/../lib64]
    arg [-L/usr/lib/x86_64-linux-gnu] ==> dir [/usr/lib/x86_64-linux-gnu]
    arg [-L/p-ssd/modules/gdb-7.12/lib] ==> dir [/p-ssd/modules/gdb-7.12/lib]
    arg [-L/p-ssd/modules/gcc-6.4.0/lib/gcc/x86_64-pc-linux-gnu/6.4.0/../../..] ==> dir [/p-ssd/modules/gcc-6.4.0/lib/gcc/x86_64-pc-linux-gnu/6.4.0/../../..]
    arg [CMakeFiles/cmTC_f5199.dir/CMakeCCompilerABI.c.o] ==> ignore
    arg [-lgcc] ==> lib [gcc]
    arg [--as-needed] ==> ignore
    arg [-lgcc_s] ==> lib [gcc_s]
    arg [--no-as-needed] ==> ignore
    arg [-lc] ==> lib [c]
    arg [-lgcc] ==> lib [gcc]
    arg [--as-needed] ==> ignore
    arg [-lgcc_s] ==> lib [gcc_s]
    arg [--no-as-needed] ==> ignore
    arg [/p-ssd/modules/gcc-6.4.0/lib/gcc/x86_64-pc-linux-gnu/6.4.0/crtend.o] ==> ignore
    arg [/usr/lib/x86_64-linux-gnu/crtn.o] ==> ignore
  remove lib [gcc]
  remove lib [gcc_s]
  remove lib [gcc]
  remove lib [gcc_s]
  collapse library dir [/p-ssd/modules/gcc-6.4.0/lib/gcc/x86_64-pc-linux-gnu/6.4.0] ==> [/p-ssd/modules/gcc-6.4.0/lib/gcc/x86_64-pc-linux-gnu/6.4.0]
  collapse library dir [/p-ssd/modules/gcc-6.4.0/lib/gcc/x86_64-pc-linux-gnu/6.4.0/../../../../lib64] ==> [/p-ssd/modules/gcc-6.4.0/lib64]
  collapse library dir [/lib/x86_64-linux-gnu] ==> [/lib/x86_64-linux-gnu]
  collapse library dir [/lib/../lib64] ==> [/lib64]
  collapse library dir [/usr/lib/x86_64-linux-gnu] ==> [/usr/lib/x86_64-linux-gnu]
  collapse library dir [/p-ssd/modules/gdb-7.12/lib] ==> [/p-ssd/modules/gdb-7.12/lib]
  collapse library dir [/p-ssd/modules/gcc-6.4.0/lib/gcc/x86_64-pc-linux-gnu/6.4.0/../../..] ==> [/p-ssd/modules/gcc-6.4.0/lib]
  implicit libs: [c]
  implicit dirs: [/p-ssd/modules/gcc-6.4.0/lib/gcc/x86_64-pc-linux-gnu/6.4.0;/p-ssd/modules/gcc-6.4.0/lib64;/lib/x86_64-linux-gnu;/lib64;/usr/lib/x86_64-linux-gnu;/p-ssd/modules/gdb-7.12/lib;/p-ssd/modules/gcc-6.4.0/lib]
  implicit fwks: []




Detecting C [-std=c11] compiler features compiled with the following output:
Change Dir: /home/amiralis/git/xketch-generator/build/CMakeFiles/CMakeTmp

Run Build Command:"/usr/bin/make" "cmTC_13d0d/fast"
/usr/bin/make -f CMakeFiles/cmTC_13d0d.dir/build.make CMakeFiles/cmTC_13d0d.dir/build
make[1]: Entering directory `/home/amiralis/git/xketch-generator/build/CMakeFiles/CMakeTmp'
Building C object CMakeFiles/cmTC_13d0d.dir/feature_tests.c.o
/p-ssd/modules/gcc-6.4.0/bin/gcc-6.4    -std=c11 -o CMakeFiles/cmTC_13d0d.dir/feature_tests.c.o   -c /home/amiralis/git/xketch-generator/build/CMakeFiles/feature_tests.c
Linking C executable cmTC_13d0d
/p-ssd/modules/cmake-3.6.2/bin/cmake -E cmake_link_script CMakeFiles/cmTC_13d0d.dir/link.txt --verbose=1
/p-ssd/modules/gcc-6.4.0/bin/gcc-6.4       CMakeFiles/cmTC_13d0d.dir/feature_tests.c.o  -o cmTC_13d0d -rdynamic 
make[1]: Leaving directory `/home/amiralis/git/xketch-generator/build/CMakeFiles/CMakeTmp'


    Feature record: C_FEATURE:1c_function_prototypes
    Feature record: C_FEATURE:1c_restrict
    Feature record: C_FEATURE:1c_static_assert
    Feature record: C_FEATURE:1c_variadic_macros


Detecting C [-std=c99] compiler features compiled with the following output:
Change Dir: /home/amiralis/git/xketch-generator/build/CMakeFiles/CMakeTmp

Run Build Command:"/usr/bin/make" "cmTC_7100d/fast"
/usr/bin/make -f CMakeFiles/cmTC_7100d.dir/build.make CMakeFiles/cmTC_7100d.dir/build
make[1]: Entering directory `/home/amiralis/git/xketch-generator/build/CMakeFiles/CMakeTmp'
Building C object CMakeFiles/cmTC_7100d.dir/feature_tests.c.o
/p-ssd/modules/gcc-6.4.0/bin/gcc-6.4    -std=c99 -o CMakeFiles/cmTC_7100d.dir/feature_tests.c.o   -c /home/amiralis/git/xketch-generator/build/CMakeFiles/feature_tests.c
Linking C executable cmTC_7100d
/p-ssd/modules/cmake-3.6.2/bin/cmake -E cmake_link_script CMakeFiles/cmTC_7100d.dir/link.txt --verbose=1
/p-ssd/modules/gcc-6.4.0/bin/gcc-6.4       CMakeFiles/cmTC_7100d.dir/feature_tests.c.o  -o cmTC_7100d -rdynamic 
make[1]: Leaving directory `/home/amiralis/git/xketch-generator/build/CMakeFiles/CMakeTmp'


    Feature record: C_FEATURE:1c_function_prototypes
    Feature record: C_FEATURE:1c_restrict
    Feature record: C_FEATURE:0c_static_assert
    Feature record: C_FEATURE:1c_variadic_macros


Detecting C [-std=c90] compiler features compiled with the following output:
Change Dir: /home/amiralis/git/xketch-generator/build/CMakeFiles/CMakeTmp

Run Build Command:"/usr/bin/make" "cmTC_da1e1/fast"
/usr/bin/make -f CMakeFiles/cmTC_da1e1.dir/build.make CMakeFiles/cmTC_da1e1.dir/build
make[1]: Entering directory `/home/amiralis/git/xketch-generator/build/CMakeFiles/CMakeTmp'
Building C object CMakeFiles/cmTC_da1e1.dir/feature_tests.c.o
/p-ssd/modules/gcc-6.4.0/bin/gcc-6.4    -std=c90 -o CMakeFiles/cmTC_da1e1.dir/feature_tests.c.o   -c /home/amiralis/git/xketch-generator/build/CMakeFiles/feature_tests.c
Linking C executable cmTC_da1e1
/p-ssd/modules/cmake-3.6.2/bin/cmake -E cmake_link_script CMakeFiles/cmTC_da1e1.dir/link.txt --verbose=1
/p-ssd/modules/gcc-6.4.0/bin/gcc-6.4       CMakeFiles/cmTC_da1e1.dir/feature_tests.c.o  -o cmTC_da1e1 -rdynamic 
make[1]: Leaving directory `/home/amiralis/git/xketch-generator/build/CMakeFiles/CMakeTmp'


    Feature record: C_FEATURE:1c_function_prototypes
    Feature record: C_FEATURE:0c_restrict
    Feature record: C_FEATURE:0c_static_assert
    Feature record: C_FEATURE:0c_variadic_macros
Determining if the CXX compiler works passed with the following output:
Change Dir: /home/amiralis/git/xketch-generator/build/CMakeFiles/CMakeTmp

Run Build Command:"/usr/bin/make" "cmTC_ce49d/fast"
/usr/bin/make -f CMakeFiles/cmTC_ce49d.dir/build.make CMakeFiles/cmTC_ce49d.dir/build
make[1]: Entering directory `/home/amiralis/git/xketch-generator/build/CMakeFiles/CMakeTmp'
Building CXX object CMakeFiles/cmTC_ce49d.dir/testCXXCompiler.cxx.o
/p-ssd/modules/gcc-6.4.0/bin/g++-6.4      -o CMakeFiles/cmTC_ce49d.dir/testCXXCompiler.cxx.o -c /home/amiralis/git/xketch-generator/build/CMakeFiles/CMakeTmp/testCXXCompiler.cxx
Linking CXX executable cmTC_ce49d
/p-ssd/modules/cmake-3.6.2/bin/cmake -E cmake_link_script CMakeFiles/cmTC_ce49d.dir/link.txt --verbose=1
/p-ssd/modules/gcc-6.4.0/bin/g++-6.4        CMakeFiles/cmTC_ce49d.dir/testCXXCompiler.cxx.o  -o cmTC_ce49d -rdynamic 
make[1]: Leaving directory `/home/amiralis/git/xketch-generator/build/CMakeFiles/CMakeTmp'


Detecting CXX compiler ABI info compiled with the following output:
Change Dir: /home/amiralis/git/xketch-generator/build/CMakeFiles/CMakeTmp

Run Build Command:"/usr/bin/make" "cmTC_42716/fast"
/usr/bin/make -f CMakeFiles/cmTC_42716.dir/build.make CMakeFiles/cmTC_42716.dir/build
make[1]: Entering directory `/home/amiralis/git/xketch-generator/build/CMakeFiles/CMakeTmp'
Building CXX object CMakeFiles/cmTC_42716.dir/CMakeCXXCompilerABI.cpp.o
/p-ssd/modules/gcc-6.4.0/bin/g++-6.4      -o CMakeFiles/cmTC_42716.dir/CMakeCXXCompilerABI.cpp.o -c /p-ssd/modules/cmake-3.6.2/share/cmake-3.6/Modules/CMakeCXXCompilerABI.cpp
Linking CXX executable cmTC_42716
/p-ssd/modules/cmake-3.6.2/bin/cmake -E cmake_link_script CMakeFiles/cmTC_42716.dir/link.txt --verbose=1
/p-ssd/modules/gcc-6.4.0/bin/g++-6.4       -v CMakeFiles/cmTC_42716.dir/CMakeCXXCompilerABI.cpp.o  -o cmTC_42716 -rdynamic  
Using built-in specs.
COLLECT_GCC=/p-ssd/modules/gcc-6.4.0/bin/g++-6.4
COLLECT_LTO_WRAPPER=/p-ssd/modules/gcc-6.4.0/libexec/gcc/x86_64-pc-linux-gnu/6.4.0/lto-wrapper
Target: x86_64-pc-linux-gnu
Configured with: ../configure --prefix=/p-ssd/modules/gcc-6.4.0 --enable-languages=c,c++,fortran,go --enable-multiarch --enable-shared --enable-threads=posix --program-suffix=6.4 --with-system-zlib --with-tune=generic : (reconfigured) ../configure --prefix=/p-ssd/modules/gcc-6.4.0 --enable-languages=c,c++,fortran,go --enable-multiarch --enable-shared --enable-threads=posix --program-suffix=-6.4 --with-system-zlib --with-tune=generic
Thread model: posix
gcc version 6.4.0 (GCC) 
COMPILER_PATH=/p-ssd/modules/gcc-6.4.0/libexec/gcc/x86_64-pc-linux-gnu/6.4.0/:/p-ssd/modules/gcc-6.4.0/libexec/gcc/x86_64-pc-linux-gnu/6.4.0/:/p-ssd/modules/gcc-6.4.0/libexec/gcc/x86_64-pc-linux-gnu/:/p-ssd/modules/gcc-6.4.0/lib/gcc/x86_64-pc-linux-gnu/6.4.0/:/p-ssd/modules/gcc-6.4.0/lib/gcc/x86_64-pc-linux-gnu/
LIBRARY_PATH=/p-ssd/modules/gcc-6.4.0/lib/gcc/x86_64-pc-linux-gnu/6.4.0/:/p-ssd/modules/gcc-6.4.0/lib/gcc/x86_64-pc-linux-gnu/6.4.0/../../../../lib64/:/lib/x86_64-linux-gnu/:/lib/../lib64/:/usr/lib/x86_64-linux-gnu/:/p-ssd/modules/gdb-7.12/lib/:/p-ssd/modules/gcc-6.4.0/lib/gcc/x86_64-pc-linux-gnu/6.4.0/../../../:/lib/:/usr/lib/
COLLECT_GCC_OPTIONS='-v' '-o' 'cmTC_42716' '-rdynamic' '-shared-libgcc' '-mtune=generic' '-march=x86-64'
 /p-ssd/modules/gcc-6.4.0/libexec/gcc/x86_64-pc-linux-gnu/6.4.0/collect2 -plugin /p-ssd/modules/gcc-6.4.0/libexec/gcc/x86_64-pc-linux-gnu/6.4.0/liblto_plugin.so -plugin-opt=/p-ssd/modules/gcc-6.4.0/libexec/gcc/x86_64-pc-linux-gnu/6.4.0/lto-wrapper -plugin-opt=-fresolution=/tmp/cc4vZ1Dx.res -plugin-opt=-pass-through=-lgcc_s -plugin-opt=-pass-through=-lgcc -plugin-opt=-pass-through=-lc -plugin-opt=-pass-through=-lgcc_s -plugin-opt=-pass-through=-lgcc --eh-frame-hdr -m elf_x86_64 -export-dynamic -dynamic-linker /lib64/ld-linux-x86-64.so.2 -o cmTC_42716 /usr/lib/x86_64-linux-gnu/crt1.o /usr/lib/x86_64-linux-gnu/crti.o /p-ssd/modules/gcc-6.4.0/lib/gcc/x86_64-pc-linux-gnu/6.4.0/crtbegin.o -L/p-ssd/modules/gcc-6.4.0/lib/gcc/x86_64-pc-linux-gnu/6.4.0 -L/p-ssd/modules/gcc-6.4.0/lib/gcc/x86_64-pc-linux-gnu/6.4.0/../../../../lib64 -L/lib/x86_64-linux-gnu -L/lib/../lib64 -L/usr/lib/x86_64-linux-gnu -L/p-ssd/modules/gdb-7.12/lib -L/p-ssd/modules/gcc-6.4.0/lib/gcc/x86_64-pc-linux-gnu/6.4.0/../../.. CMakeFiles/cmTC_42716.dir/CMakeCXXCompilerABI.cpp.o -lstdc++ -lm -lgcc_s -lgcc -lc -lgcc_s -lgcc /p-ssd/modules/gcc-6.4.0/lib/gcc/x86_64-pc-linux-gnu/6.4.0/crtend.o /usr/lib/x86_64-linux-gnu/crtn.o
COLLECT_GCC_OPTIONS='-v' '-o' 'cmTC_42716' '-rdynamic' '-shared-libgcc' '-mtune=generic' '-march=x86-64'
make[1]: Leaving directory `/home/amiralis/git/xketch-generator/build/CMakeFiles/CMakeTmp'


Parsed CXX implicit link information from above output:
  link line regex: [^( *|.*[/\])(ld|([^/\]+-)?ld|collect2)[^/\]*( |$)]
  ignore line: [Change Dir: /home/amiralis/git/xketch-generator/build/CMakeFiles/CMakeTmp]
  ignore line: []
  ignore line: [Run Build Command:"/usr/bin/make" "cmTC_42716/fast"]
  ignore line: [/usr/bin/make -f CMakeFiles/cmTC_42716.dir/build.make CMakeFiles/cmTC_42716.dir/build]
  ignore line: [make[1]: Entering directory `/home/amiralis/git/xketch-generator/build/CMakeFiles/CMakeTmp']
  ignore line: [Building CXX object CMakeFiles/cmTC_42716.dir/CMakeCXXCompilerABI.cpp.o]
  ignore line: [/p-ssd/modules/gcc-6.4.0/bin/g++-6.4      -o CMakeFiles/cmTC_42716.dir/CMakeCXXCompilerABI.cpp.o -c /p-ssd/modules/cmake-3.6.2/share/cmake-3.6/Modules/CMakeCXXCompilerABI.cpp]
  ignore line: [Linking CXX executable cmTC_42716]
  ignore line: [/p-ssd/modules/cmake-3.6.2/bin/cmake -E cmake_link_script CMakeFiles/cmTC_42716.dir/link.txt --verbose=1]
  ignore line: [/p-ssd/modules/gcc-6.4.0/bin/g++-6.4       -v CMakeFiles/cmTC_42716.dir/CMakeCXXCompilerABI.cpp.o  -o cmTC_42716 -rdynamic  ]
  ignore line: [Using built-in specs.]
  ignore line: [COLLECT_GCC=/p-ssd/modules/gcc-6.4.0/bin/g++-6.4]
  ignore line: [COLLECT_LTO_WRAPPER=/p-ssd/modules/gcc-6.4.0/libexec/gcc/x86_64-pc-linux-gnu/6.4.0/lto-wrapper]
  ignore line: [Target: x86_64-pc-linux-gnu]
  ignore line: [Configured with: ../configure --prefix=/p-ssd/modules/gcc-6.4.0 --enable-languages=c,c++,fortran,go --enable-multiarch --enable-shared --enable-threads=posix --program-suffix=6.4 --with-system-zlib --with-tune=generic : (reconfigured) ../configure --prefix=/p-ssd/modules/gcc-6.4.0 --enable-languages=c,c++,fortran,go --enable-multiarch --enable-shared --enable-threads=posix --program-suffix=-6.4 --with-system-zlib --with-tune=generic]
  ignore line: [Thread model: posix]
  ignore line: [gcc version 6.4.0 (GCC) ]
  ignore line: [COMPILER_PATH=/p-ssd/modules/gcc-6.4.0/libexec/gcc/x86_64-pc-linux-gnu/6.4.0/:/p-ssd/modules/gcc-6.4.0/libexec/gcc/x86_64-pc-linux-gnu/6.4.0/:/p-ssd/modules/gcc-6.4.0/libexec/gcc/x86_64-pc-linux-gnu/:/p-ssd/modules/gcc-6.4.0/lib/gcc/x86_64-pc-linux-gnu/6.4.0/:/p-ssd/modules/gcc-6.4.0/lib/gcc/x86_64-pc-linux-gnu/]
  ignore line: [LIBRARY_PATH=/p-ssd/modules/gcc-6.4.0/lib/gcc/x86_64-pc-linux-gnu/6.4.0/:/p-ssd/modules/gcc-6.4.0/lib/gcc/x86_64-pc-linux-gnu/6.4.0/../../../../lib64/:/lib/x86_64-linux-gnu/:/lib/../lib64/:/usr/lib/x86_64-linux-gnu/:/p-ssd/modules/gdb-7.12/lib/:/p-ssd/modules/gcc-6.4.0/lib/gcc/x86_64-pc-linux-gnu/6.4.0/../../../:/lib/:/usr/lib/]
  ignore line: [COLLECT_GCC_OPTIONS='-v' '-o' 'cmTC_42716' '-rdynamic' '-shared-libgcc' '-mtune=generic' '-march=x86-64']
  link line: [ /p-ssd/modules/gcc-6.4.0/libexec/gcc/x86_64-pc-linux-gnu/6.4.0/collect2 -plugin /p-ssd/modules/gcc-6.4.0/libexec/gcc/x86_64-pc-linux-gnu/6.4.0/liblto_plugin.so -plugin-opt=/p-ssd/modules/gcc-6.4.0/libexec/gcc/x86_64-pc-linux-gnu/6.4.0/lto-wrapper -plugin-opt=-fresolution=/tmp/cc4vZ1Dx.res -plugin-opt=-pass-through=-lgcc_s -plugin-opt=-pass-through=-lgcc -plugin-opt=-pass-through=-lc -plugin-opt=-pass-through=-lgcc_s -plugin-opt=-pass-through=-lgcc --eh-frame-hdr -m elf_x86_64 -export-dynamic -dynamic-linker /lib64/ld-linux-x86-64.so.2 -o cmTC_42716 /usr/lib/x86_64-linux-gnu/crt1.o /usr/lib/x86_64-linux-gnu/crti.o /p-ssd/modules/gcc-6.4.0/lib/gcc/x86_64-pc-linux-gnu/6.4.0/crtbegin.o -L/p-ssd/modules/gcc-6.4.0/lib/gcc/x86_64-pc-linux-gnu/6.4.0 -L/p-ssd/modules/gcc-6.4.0/lib/gcc/x86_64-pc-linux-gnu/6.4.0/../../../../lib64 -L/lib/x86_64-linux-gnu -L/lib/../lib64 -L/usr/lib/x86_64-linux-gnu -L/p-ssd/modules/gdb-7.12/lib -L/p-ssd/modules/gcc-6.4.0/lib/gcc/x86_64-pc-linux-gnu/6.4.0/../../.. CMakeFiles/cmTC_42716.dir/CMakeCXXCompilerABI.cpp.o -lstdc++ -lm -lgcc_s -lgcc -lc -lgcc_s -lgcc /p-ssd/modules/gcc-6.4.0/lib/gcc/x86_64-pc-linux-gnu/6.4.0/crtend.o /usr/lib/x86_64-linux-gnu/crtn.o]
    arg [/p-ssd/modules/gcc-6.4.0/libexec/gcc/x86_64-pc-linux-gnu/6.4.0/collect2] ==> ignore
    arg [-plugin] ==> ignore
    arg [/p-ssd/modules/gcc-6.4.0/libexec/gcc/x86_64-pc-linux-gnu/6.4.0/liblto_plugin.so] ==> ignore
    arg [-plugin-opt=/p-ssd/modules/gcc-6.4.0/libexec/gcc/x86_64-pc-linux-gnu/6.4.0/lto-wrapper] ==> ignore
    arg [-plugin-opt=-fresolution=/tmp/cc4vZ1Dx.res] ==> ignore
    arg [-plugin-opt=-pass-through=-lgcc_s] ==> ignore
    arg [-plugin-opt=-pass-through=-lgcc] ==> ignore
    arg [-plugin-opt=-pass-through=-lc] ==> ignore
    arg [-plugin-opt=-pass-through=-lgcc_s] ==> ignore
    arg [-plugin-opt=-pass-through=-lgcc] ==> ignore
    arg [--eh-frame-hdr] ==> ignore
    arg [-m] ==> ignore
    arg [elf_x86_64] ==> ignore
    arg [-export-dynamic] ==> ignore
    arg [-dynamic-linker] ==> ignore
    arg [/lib64/ld-linux-x86-64.so.2] ==> ignore
    arg [-o] ==> ignore
    arg [cmTC_42716] ==> ignore
    arg [/usr/lib/x86_64-linux-gnu/crt1.o] ==> ignore
    arg [/usr/lib/x86_64-linux-gnu/crti.o] ==> ignore
    arg [/p-ssd/modules/gcc-6.4.0/lib/gcc/x86_64-pc-linux-gnu/6.4.0/crtbegin.o] ==> ignore
    arg [-L/p-ssd/modules/gcc-6.4.0/lib/gcc/x86_64-pc-linux-gnu/6.4.0] ==> dir [/p-ssd/modules/gcc-6.4.0/lib/gcc/x86_64-pc-linux-gnu/6.4.0]
    arg [-L/p-ssd/modules/gcc-6.4.0/lib/gcc/x86_64-pc-linux-gnu/6.4.0/../../../../lib64] ==> dir [/p-ssd/modules/gcc-6.4.0/lib/gcc/x86_64-pc-linux-gnu/6.4.0/../../../../lib64]
    arg [-L/lib/x86_64-linux-gnu] ==> dir [/lib/x86_64-linux-gnu]
    arg [-L/lib/../lib64] ==> dir [/lib/../lib64]
    arg [-L/usr/lib/x86_64-linux-gnu] ==> dir [/usr/lib/x86_64-linux-gnu]
    arg [-L/p-ssd/modules/gdb-7.12/lib] ==> dir [/p-ssd/modules/gdb-7.12/lib]
    arg [-L/p-ssd/modules/gcc-6.4.0/lib/gcc/x86_64-pc-linux-gnu/6.4.0/../../..] ==> dir [/p-ssd/modules/gcc-6.4.0/lib/gcc/x86_64-pc-linux-gnu/6.4.0/../../..]
    arg [CMakeFiles/cmTC_42716.dir/CMakeCXXCompilerABI.cpp.o] ==> ignore
    arg [-lstdc++] ==> lib [stdc++]
    arg [-lm] ==> lib [m]
    arg [-lgcc_s] ==> lib [gcc_s]
    arg [-lgcc] ==> lib [gcc]
    arg [-lc] ==> lib [c]
    arg [-lgcc_s] ==> lib [gcc_s]
    arg [-lgcc] ==> lib [gcc]
    arg [/p-ssd/modules/gcc-6.4.0/lib/gcc/x86_64-pc-linux-gnu/6.4.0/crtend.o] ==> ignore
    arg [/usr/lib/x86_64-linux-gnu/crtn.o] ==> ignore
  remove lib [gcc_s]
  remove lib [gcc]
  remove lib [gcc_s]
  remove lib [gcc]
  collapse library dir [/p-ssd/modules/gcc-6.4.0/lib/gcc/x86_64-pc-linux-gnu/6.4.0] ==> [/p-ssd/modules/gcc-6.4.0/lib/gcc/x86_64-pc-linux-gnu/6.4.0]
  collapse library dir [/p-ssd/modules/gcc-6.4.0/lib/gcc/x86_64-pc-linux-gnu/6.4.0/../../../../lib64] ==> [/p-ssd/modules/gcc-6.4.0/lib64]
  collapse library dir [/lib/x86_64-linux-gnu] ==> [/lib/x86_64-linux-gnu]
  collapse library dir [/lib/../lib64] ==> [/lib64]
  collapse library dir [/usr/lib/x86_64-linux-gnu] ==> [/usr/lib/x86_64-linux-gnu]
  collapse library dir [/p-ssd/modules/gdb-7.12/lib] ==> [/p-ssd/modules/gdb-7.12/lib]
  collapse library dir [/p-ssd/modules/gcc-6.4.0/lib/gcc/x86_64-pc-linux-gnu/6.4.0/../../..] ==> [/p-ssd/modules/gcc-6.4.0/lib]
  implicit libs: [stdc++;m;c]
  implicit dirs: [/p-ssd/modules/gcc-6.4.0/lib/gcc/x86_64-pc-linux-gnu/6.4.0;/p-ssd/modules/gcc-6.4.0/lib64;/lib/x86_64-linux-gnu;/lib64;/usr/lib/x86_64-linux-gnu;/p-ssd/modules/gdb-7.12/lib;/p-ssd/modules/gcc-6.4.0/lib]
  implicit fwks: []




Detecting CXX [-std=c++14] compiler features compiled with the following output:
Change Dir: /home/amiralis/git/xketch-generator/build/CMakeFiles/CMakeTmp

Run Build Command:"/usr/bin/make" "cmTC_a2680/fast"
/usr/bin/make -f CMakeFiles/cmTC_a2680.dir/build.make CMakeFiles/cmTC_a2680.dir/build
make[1]: Entering directory `/home/amiralis/git/xketch-generator/build/CMakeFiles/CMakeTmp'
Building CXX object CMakeFiles/cmTC_a2680.dir/feature_tests.cxx.o
/p-ssd/modules/gcc-6.4.0/bin/g++-6.4     -std=c++14 -o CMakeFiles/cmTC_a2680.dir/feature_tests.cxx.o -c /home/amiralis/git/xketch-generator/build/CMakeFiles/feature_tests.cxx
Linking CXX executable cmTC_a2680
/p-ssd/modules/cmake-3.6.2/bin/cmake -E cmake_link_script CMakeFiles/cmTC_a2680.dir/link.txt --verbose=1
/p-ssd/modules/gcc-6.4.0/bin/g++-6.4        CMakeFiles/cmTC_a2680.dir/feature_tests.cxx.o  -o cmTC_a2680 -rdynamic 
make[1]: Leaving directory `/home/amiralis/git/xketch-generator/build/CMakeFiles/CMakeTmp'


    Feature record: CXX_FEATURE:1cxx_aggregate_default_initializers
    Feature record: CXX_FEATURE:1cxx_alias_templates
    Feature record: CXX_FEATURE:1cxx_alignas
    Feature record: CXX_FEATURE:1cxx_alignof
    Feature record: CXX_FEATURE:1cxx_attributes
    Feature record: CXX_FEATURE:1cxx_attribute_deprecated
    Feature record: CXX_FEATURE:1cxx_auto_type
    Feature record: CXX_FEATURE:1cxx_binary_literals
    Feature record: CXX_FEATURE:1cxx_constexpr
    Feature record: CXX_FEATURE:1cxx_contextual_conversions
    Feature record: CXX_FEATURE:1cxx_decltype
    Feature record: CXX_FEATURE:1cxx_decltype_auto
    Feature record: CXX_FEATURE:1cxx_decltype_incomplete_return_types
    Feature record: CXX_FEATURE:1cxx_default_function_template_args
    Feature record: CXX_FEATURE:1cxx_defaulted_functions
    Feature record: CXX_FEATURE:1cxx_defaulted_move_initializers
    Feature record: CXX_FEATURE:1cxx_delegating_constructors
    Feature record: CXX_FEATURE:1cxx_deleted_functions
    Feature record: CXX_FEATURE:1cxx_digit_separators
    Feature record: CXX_FEATURE:1cxx_enum_forward_declarations
    Feature record: CXX_FEATURE:1cxx_explicit_conversions
    Feature record: CXX_FEATURE:1cxx_extended_friend_declarations
    Feature record: CXX_FEATURE:1cxx_extern_templates
    Feature record: CXX_FEATURE:1cxx_final
    Feature record: CXX_FEATURE:1cxx_func_identifier
    Feature record: CXX_FEATURE:1cxx_generalized_initializers
    Feature record: CXX_FEATURE:1cxx_generic_lambdas
    Feature record: CXX_FEATURE:1cxx_inheriting_constructors
    Feature record: CXX_FEATURE:1cxx_inline_namespaces
    Feature record: CXX_FEATURE:1cxx_lambdas
    Feature record: CXX_FEATURE:1cxx_lambda_init_captures
    Feature record: CXX_FEATURE:1cxx_local_type_template_args
    Feature record: CXX_FEATURE:1cxx_long_long_type
    Feature record: CXX_FEATURE:1cxx_noexcept
    Feature record: CXX_FEATURE:1cxx_nonstatic_member_init
    Feature record: CXX_FEATURE:1cxx_nullptr
    Feature record: CXX_FEATURE:1cxx_override
    Feature record: CXX_FEATURE:1cxx_range_for
    Feature record: CXX_FEATURE:1cxx_raw_string_literals
    Feature record: CXX_FEATURE:1cxx_reference_qualified_functions
    Feature record: CXX_FEATURE:1cxx_relaxed_constexpr
    Feature record: CXX_FEATURE:1cxx_return_type_deduction
    Feature record: CXX_FEATURE:1cxx_right_angle_brackets
    Feature record: CXX_FEATURE:1cxx_rvalue_references
    Feature record: CXX_FEATURE:1cxx_sizeof_member
    Feature record: CXX_FEATURE:1cxx_static_assert
    Feature record: CXX_FEATURE:1cxx_strong_enums
    Feature record: CXX_FEATURE:1cxx_template_template_parameters
    Feature record: CXX_FEATURE:1cxx_thread_local
    Feature record: CXX_FEATURE:1cxx_trailing_return_types
    Feature record: CXX_FEATURE:1cxx_unicode_literals
    Feature record: CXX_FEATURE:1cxx_uniform_initialization
    Feature record: CXX_FEATURE:1cxx_unrestricted_unions
    Feature record: CXX_FEATURE:1cxx_user_literals
    Feature record: CXX_FEATURE:1cxx_variable_templates
    Feature record: CXX_FEATURE:1cxx_variadic_macros
    Feature record: CXX_FEATURE:1cxx_variadic_templates


Detecting CXX [-std=c++11] compiler features compiled with the following output:
Change Dir: /home/amiralis/git/xketch-generator/build/CMakeFiles/CMakeTmp

Run Build Command:"/usr/bin/make" "cmTC_7bdb9/fast"
/usr/bin/make -f CMakeFiles/cmTC_7bdb9.dir/build.make CMakeFiles/cmTC_7bdb9.dir/build
make[1]: Entering directory `/home/amiralis/git/xketch-generator/build/CMakeFiles/CMakeTmp'
Building CXX object CMakeFiles/cmTC_7bdb9.dir/feature_tests.cxx.o
/p-ssd/modules/gcc-6.4.0/bin/g++-6.4     -std=c++11 -o CMakeFiles/cmTC_7bdb9.dir/feature_tests.cxx.o -c /home/amiralis/git/xketch-generator/build/CMakeFiles/feature_tests.cxx
Linking CXX executable cmTC_7bdb9
/p-ssd/modules/cmake-3.6.2/bin/cmake -E cmake_link_script CMakeFiles/cmTC_7bdb9.dir/link.txt --verbose=1
/p-ssd/modules/gcc-6.4.0/bin/g++-6.4        CMakeFiles/cmTC_7bdb9.dir/feature_tests.cxx.o  -o cmTC_7bdb9 -rdynamic 
make[1]: Leaving directory `/home/amiralis/git/xketch-generator/build/CMakeFiles/CMakeTmp'


    Feature record: CXX_FEATURE:0cxx_aggregate_default_initializers
    Feature record: CXX_FEATURE:1cxx_alias_templates
    Feature record: CXX_FEATURE:1cxx_alignas
    Feature record: CXX_FEATURE:1cxx_alignof
    Feature record: CXX_FEATURE:1cxx_attributes
    Feature record: CXX_FEATURE:0cxx_attribute_deprecated
    Feature record: CXX_FEATURE:1cxx_auto_type
    Feature record: CXX_FEATURE:0cxx_binary_literals
    Feature record: CXX_FEATURE:1cxx_constexpr
    Feature record: CXX_FEATURE:0cxx_contextual_conversions
    Feature record: CXX_FEATURE:1cxx_decltype
    Feature record: CXX_FEATURE:0cxx_decltype_auto
    Feature record: CXX_FEATURE:1cxx_decltype_incomplete_return_types
    Feature record: CXX_FEATURE:1cxx_default_function_template_args
    Feature record: CXX_FEATURE:1cxx_defaulted_functions
    Feature record: CXX_FEATURE:1cxx_defaulted_move_initializers
    Feature record: CXX_FEATURE:1cxx_delegating_constructors
    Feature record: CXX_FEATURE:1cxx_deleted_functions
    Feature record: CXX_FEATURE:0cxx_digit_separators
    Feature record: CXX_FEATURE:1cxx_enum_forward_declarations
    Feature record: CXX_FEATURE:1cxx_explicit_conversions
    Feature record: CXX_FEATURE:1cxx_extended_friend_declarations
    Feature record: CXX_FEATURE:1cxx_extern_templates
    Feature record: CXX_FEATURE:1cxx_final
    Feature record: CXX_FEATURE:1cxx_func_identifier
    Feature record: CXX_FEATURE:1cxx_generalized_initializers
    Feature record: CXX_FEATURE:0cxx_generic_lambdas
    Feature record: CXX_FEATURE:1cxx_inheriting_constructors
    Feature record: CXX_FEATURE:1cxx_inline_namespaces
    Feature record: CXX_FEATURE:1cxx_lambdas
    Feature record: CXX_FEATURE:0cxx_lambda_init_captures
    Feature record: CXX_FEATURE:1cxx_local_type_template_args
    Feature record: CXX_FEATURE:1cxx_long_long_type
    Feature record: CXX_FEATURE:1cxx_noexcept
    Feature record: CXX_FEATURE:1cxx_nonstatic_member_init
    Feature record: CXX_FEATURE:1cxx_nullptr
    Feature record: CXX_FEATURE:1cxx_override
    Feature record: CXX_FEATURE:1cxx_range_for
    Feature record: CXX_FEATURE:1cxx_raw_string_literals
    Feature record: CXX_FEATURE:1cxx_reference_qualified_functions
    Feature record: CXX_FEATURE:0cxx_relaxed_constexpr
    Feature record: CXX_FEATURE:0cxx_return_type_deduction
    Feature record: CXX_FEATURE:1cxx_right_angle_brackets
    Feature record: CXX_FEATURE:1cxx_rvalue_references
    Feature record: CXX_FEATURE:1cxx_sizeof_member
    Feature record: CXX_FEATURE:1cxx_static_assert
    Feature record: CXX_FEATURE:1cxx_strong_enums
    Feature record: CXX_FEATURE:1cxx_template_template_parameters
    Feature record: CXX_FEATURE:1cxx_thread_local
    Feature record: CXX_FEATURE:1cxx_trailing_return_types
    Feature record: CXX_FEATURE:1cxx_unicode_literals
    Feature record: CXX_FEATURE:1cxx_uniform_initialization
    Feature record: CXX_FEATURE:1cxx_unrestricted_unions
    Feature record: CXX_FEATURE:1cxx_user_literals
    Feature record: CXX_FEATURE:0cxx_variable_templates
    Feature record: CXX_FEATURE:1cxx_variadic_macros
    Feature record: CXX_FEATURE:1cxx_variadic_templates


Detecting CXX [-std=c++98] compiler features compiled with the following output:
Change Dir: /home/amiralis/git/xketch-generator/build/CMakeFiles/CMakeTmp

Run Build Command:"/usr/bin/make" "cmTC_84b27/fast"
/usr/bin/make -f CMakeFiles/cmTC_84b27.dir/build.make CMakeFiles/cmTC_84b27.dir/build
make[1]: Entering directory `/home/amiralis/git/xketch-generator/build/CMakeFiles/CMakeTmp'
Building CXX object CMakeFiles/cmTC_84b27.dir/feature_tests.cxx.o
/p-ssd/modules/gcc-6.4.0/bin/g++-6.4     -std=c++98 -o CMakeFiles/cmTC_84b27.dir/feature_tests.cxx.o -c /home/amiralis/git/xketch-generator/build/CMakeFiles/feature_tests.cxx
Linking CXX executable cmTC_84b27
/p-ssd/modules/cmake-3.6.2/bin/cmake -E cmake_link_script CMakeFiles/cmTC_84b27.dir/link.txt --verbose=1
/p-ssd/modules/gcc-6.4.0/bin/g++-6.4        CMakeFiles/cmTC_84b27.dir/feature_tests.cxx.o  -o cmTC_84b27 -rdynamic 
make[1]: Leaving directory `/home/amiralis/git/xketch-generator/build/CMakeFiles/CMakeTmp'


    Feature record: CXX_FEATURE:0cxx_aggregate_default_initializers
    Feature record: CXX_FEATURE:0cxx_alias_templates
    Feature record: CXX_FEATURE:0cxx_alignas
    Feature record: CXX_FEATURE:0cxx_alignof
    Feature record: CXX_FEATURE:0cxx_attributes
    Feature record: CXX_FEATURE:0cxx_attribute_deprecated
    Feature record: CXX_FEATURE:0cxx_auto_type
    Feature record: CXX_FEATURE:0cxx_binary_literals
    Feature record: CXX_FEATURE:0cxx_constexpr
    Feature record: CXX_FEATURE:0cxx_contextual_conversions
    Feature record: CXX_FEATURE:0cxx_decltype
    Feature record: CXX_FEATURE:0cxx_decltype_auto
    Feature record: CXX_FEATURE:0cxx_decltype_incomplete_return_types
    Feature record: CXX_FEATURE:0cxx_default_function_template_args
    Feature record: CXX_FEATURE:0cxx_defaulted_functions
    Feature record: CXX_FEATURE:0cxx_defaulted_move_initializers
    Feature record: CXX_FEATURE:0cxx_delegating_constructors
    Feature record: CXX_FEATURE:0cxx_deleted_functions
    Feature record: CXX_FEATURE:0cxx_digit_separators
    Feature record: CXX_FEATURE:0cxx_enum_forward_declarations
    Feature record: CXX_FEATURE:0cxx_explicit_conversions
    Feature record: CXX_FEATURE:0cxx_extended_friend_declarations
    Feature record: CXX_FEATURE:0cxx_extern_templates
    Feature record: CXX_FEATURE:0cxx_final
    Feature record: CXX_FEATURE:0cxx_func_identifier
    Feature record: CXX_FEATURE:0cxx_generalized_initializers
    Feature record: CXX_FEATURE:0cxx_generic_lambdas
    Feature record: CXX_FEATURE:0cxx_inheriting_constructors
    Feature record: CXX_FEATURE:0cxx_inline_namespaces
    Feature record: CXX_FEATURE:0cxx_lambdas
    Feature record: CXX_FEATURE:0cxx_lambda_init_captures
    Feature record: CXX_FEATURE:0cxx_local_type_template_args
    Feature record: CXX_FEATURE:0cxx_long_long_type
    Feature record: CXX_FEATURE:0cxx_noexcept
    Feature record: CXX_FEATURE:0cxx_nonstatic_member_init
    Feature record: CXX_FEATURE:0cxx_nullptr
    Feature record: CXX_FEATURE:0cxx_override
    Feature record: CXX_FEATURE:0cxx_range_for
    Feature record: CXX_FEATURE:0cxx_raw_string_literals
    Feature record: CXX_FEATURE:0cxx_reference_qualified_functions
    Feature record: CXX_FEATURE:0cxx_relaxed_constexpr
    Feature record: CXX_FEATURE:0cxx_return_type_deduction
    Feature record: CXX_FEATURE:0cxx_right_angle_brackets
    Feature record: CXX_FEATURE:0cxx_rvalue_references
    Feature record: CXX_FEATURE:0cxx_sizeof_member
    Feature record: CXX_FEATURE:0cxx_static_assert
    Feature record: CXX_FEATURE:0cxx_strong_enums
    Feature record: CXX_FEATURE:1cxx_template_template_parameters
    Feature record: CXX_FEATURE:0cxx_thread_local
    Feature record: CXX_FEATURE:0cxx_trailing_return_types
    Feature record: CXX_FEATURE:0cxx_unicode_literals
    Feature record: CXX_FEATURE:0cxx_uniform_initialization
    Feature record: CXX_FEATURE:0cxx_unrestricted_unions
    Feature record: CXX_FEATURE:0cxx_user_literals
    Feature record: CXX_FEATURE:0cxx_variable_templates
    Feature record: CXX_FEATURE:0cxx_variadic_macros
    Feature record: CXX_FEATURE:0cxx_variadic_templates
Determining if the include file pthread.h exists passed with the following output:
Change Dir: /home/amiralis/git/xketch-generator/build/CMakeFiles/CMakeTmp

Run Build Command:"/usr/bin/make" "cmTC_5933f/fast"
/usr/bin/make -f CMakeFiles/cmTC_5933f.dir/build.make CMakeFiles/cmTC_5933f.dir/build
make[1]: Entering directory `/home/amiralis/git/xketch-generator/build/CMakeFiles/CMakeTmp'
Building C object CMakeFiles/cmTC_5933f.dir/CheckIncludeFile.c.o
/p-ssd/modules/gcc-6.4.0/bin/gcc-6.4     -o CMakeFiles/cmTC_5933f.dir/CheckIncludeFile.c.o   -c /home/amiralis/git/xketch-generator/build/CMakeFiles/CMakeTmp/CheckIncludeFile.c
Linking C executable cmTC_5933f
/p-ssd/modules/cmake-3.6.2/bin/cmake -E cmake_link_script CMakeFiles/cmTC_5933f.dir/link.txt --verbose=1
/p-ssd/modules/gcc-6.4.0/bin/gcc-6.4       CMakeFiles/cmTC_5933f.dir/CheckIncludeFile.c.o  -o cmTC_5933f -rdynamic 
make[1]: Leaving directory `/home/amiralis/git/xketch-generator/build/CMakeFiles/CMakeTmp'


Determining if the function pthread_create exists in the pthread passed with the following output:
Change Dir: /home/amiralis/git/xketch-generator/build/CMakeFiles/CMakeTmp

Run Build Command:"/usr/bin/make" "cmTC_30404/fast"
/usr/bin/make -f CMakeFiles/cmTC_30404.dir/build.make CMakeFiles/cmTC_30404.dir/build
make[1]: Entering directory `/home/amiralis/git/xketch-generator/build/CMakeFiles/CMakeTmp'
Building C object CMakeFiles/cmTC_30404.dir/CheckFunctionExists.c.o
/p-ssd/modules/gcc-6.4.0/bin/gcc-6.4    -DCHECK_FUNCTION_EXISTS=pthread_create   -o CMakeFiles/cmTC_30404.dir/CheckFunctionExists.c.o   -c /p-ssd/modules/cmake-3.6.2/share/cmake-3.6/Modules/CheckFunctionExists.c
Linking C executable cmTC_30404
/p-ssd/modules/cmake-3.6.2/bin/cmake -E cmake_link_script CMakeFiles/cmTC_30404.dir/link.txt --verbose=1
/p-ssd/modules/gcc-6.4.0/bin/gcc-6.4   -DCHECK_FUNCTION_EXISTS=pthread_create    CMakeFiles/cmTC_30404.dir/CheckFunctionExists.c.o  -o cmTC_30404 -rdynamic -lpthread 
make[1]: Leaving directory `/home/amiralis/git/xketch-generator/build/CMakeFiles/CMakeTmp'


